This file contains any messages produced by compilers while
running configure, to aid debugging if configure makes a mistake.

It was created by Freeciv configure 2.5.9, which was
generated by GNU Autoconf 2.69.  Invocation command line was

  $ ./configure --enable-aimodules --enable-shared

## --------- ##
## Platform. ##
## --------- ##

hostname = parallels-vm
uname -m = x86_64
uname -r = 4.10.0-38-generic
uname -s = Linux
uname -v = #42~16.04.1-Ubuntu SMP Tue Oct 10 16:32:20 UTC 2017

/usr/bin/uname -p = unknown
/bin/uname -X     = unknown

/bin/arch              = unknown
/usr/bin/arch -k       = unknown
/usr/convex/getsysinfo = unknown
/usr/bin/hostinfo      = unknown
/bin/machine           = unknown
/usr/bin/oslevel       = unknown
/bin/universe          = unknown

PATH: /home/parallels/bin
PATH: /home/parallels/.local/bin
PATH: /usr/local/sbin
PATH: /usr/local/bin
PATH: /usr/sbin
PATH: /usr/bin
PATH: /sbin
PATH: /bin
PATH: /usr/games
PATH: /usr/local/games
PATH: /snap/bin


## ----------- ##
## Core tests. ##
## ----------- ##

configure:3254: checking build system type
configure:3268: result: x86_64-pc-linux-gnu
configure:3288: checking host system type
configure:3301: result: x86_64-pc-linux-gnu
configure:3372: checking for gcc
configure:3388: found /usr/bin/gcc
configure:3399: result: gcc
configure:3628: checking for C compiler version
configure:3637: gcc --version >&5
gcc (Ubuntu 5.4.0-6ubuntu1~16.04.5) 5.4.0 20160609
Copyright (C) 2015 Free Software Foundation, Inc.
This is free software; see the source for copying conditions.  There is NO
warranty; not even for MERCHANTABILITY or FITNESS FOR A PARTICULAR PURPOSE.

configure:3648: $? = 0
configure:3637: gcc -v >&5
Using built-in specs.
COLLECT_GCC=gcc
COLLECT_LTO_WRAPPER=/usr/lib/gcc/x86_64-linux-gnu/5/lto-wrapper
Target: x86_64-linux-gnu
Configured with: ../src/configure -v --with-pkgversion='Ubuntu 5.4.0-6ubuntu1~16.04.5' --with-bugurl=file:///usr/share/doc/gcc-5/README.Bugs --enable-languages=c,ada,c++,java,go,d,fortran,objc,obj-c++ --prefix=/usr --program-suffix=-5 --enable-shared --enable-linker-build-id --libexecdir=/usr/lib --without-included-gettext --enable-threads=posix --libdir=/usr/lib --enable-nls --with-sysroot=/ --enable-clocale=gnu --enable-libstdcxx-debug --enable-libstdcxx-time=yes --with-default-libstdcxx-abi=new --enable-gnu-unique-object --disable-vtable-verify --enable-libmpx --enable-plugin --with-system-zlib --disable-browser-plugin --enable-java-awt=gtk --enable-gtk-cairo --with-java-home=/usr/lib/jvm/java-1.5.0-gcj-5-amd64/jre --enable-java-home --with-jvm-root-dir=/usr/lib/jvm/java-1.5.0-gcj-5-amd64 --with-jvm-jar-dir=/usr/lib/jvm-exports/java-1.5.0-gcj-5-amd64 --with-arch-directory=amd64 --with-ecj-jar=/usr/share/java/eclipse-ecj.jar --enable-objc-gc --enable-multiarch --disable-werror --with-arch-32=i686 --with-abi=m64 --with-multilib-list=m32,m64,mx32 --enable-multilib --with-tune=generic --enable-checking=release --build=x86_64-linux-gnu --host=x86_64-linux-gnu --target=x86_64-linux-gnu
Thread model: posix
gcc version 5.4.0 20160609 (Ubuntu 5.4.0-6ubuntu1~16.04.5) 
configure:3648: $? = 0
configure:3637: gcc -V >&5
gcc: error: unrecognized command line option '-V'
gcc: fatal error: no input files
compilation terminated.
configure:3648: $? = 1
configure:3637: gcc -qversion >&5
gcc: error: unrecognized command line option '-qversion'
gcc: fatal error: no input files
compilation terminated.
configure:3648: $? = 1
configure:3668: checking whether the C compiler works
configure:3690: gcc    conftest.c  >&5
configure:3694: $? = 0
configure:3742: result: yes
configure:3745: checking for C compiler default output file name
configure:3747: result: a.out
configure:3753: checking for suffix of executables
configure:3760: gcc -o conftest    conftest.c  >&5
configure:3764: $? = 0
configure:3786: result: 
configure:3808: checking whether we are cross compiling
configure:3816: gcc -o conftest    conftest.c  >&5
configure:3820: $? = 0
configure:3827: ./conftest
configure:3831: $? = 0
configure:3846: result: no
configure:3851: checking for suffix of object files
configure:3873: gcc -c   conftest.c >&5
configure:3877: $? = 0
configure:3898: result: o
configure:3902: checking whether we are using the GNU C compiler
configure:3921: gcc -c   conftest.c >&5
configure:3921: $? = 0
configure:3930: result: yes
configure:3939: checking whether gcc accepts -g
configure:3959: gcc -c -g  conftest.c >&5
configure:3959: $? = 0
configure:4000: result: yes
configure:4017: checking for gcc option to accept ISO C89
configure:4080: gcc  -c -g -O2  conftest.c >&5
configure:4080: $? = 0
configure:4093: result: none needed
configure:4118: checking whether gcc understands -c and -o together
configure:4140: gcc -c conftest.c -o conftest2.o
configure:4143: $? = 0
configure:4140: gcc -c conftest.c -o conftest2.o
configure:4143: $? = 0
configure:4155: result: yes
configure:4178: checking how to run the C preprocessor
configure:4209: gcc -E  conftest.c
configure:4209: $? = 0
configure:4223: gcc -E  conftest.c
conftest.c:9:28: fatal error: ac_nonexistent.h: No such file or directory
compilation terminated.
configure:4223: $? = 1
configure: failed program was:
| /* confdefs.h */
| #define PACKAGE_NAME "Freeciv"
| #define PACKAGE_TARNAME "freeciv"
| #define PACKAGE_VERSION "2.5.9"
| #define PACKAGE_STRING "Freeciv 2.5.9"
| #define PACKAGE_BUGREPORT "https://www.hostedredmine.com/projects/freeciv"
| #define PACKAGE_URL ""
| /* end confdefs.h.  */
| #include <ac_nonexistent.h>
configure:4248: result: gcc -E
configure:4268: gcc -E  conftest.c
configure:4268: $? = 0
configure:4282: gcc -E  conftest.c
conftest.c:9:28: fatal error: ac_nonexistent.h: No such file or directory
compilation terminated.
configure:4282: $? = 1
configure: failed program was:
| /* confdefs.h */
| #define PACKAGE_NAME "Freeciv"
| #define PACKAGE_TARNAME "freeciv"
| #define PACKAGE_VERSION "2.5.9"
| #define PACKAGE_STRING "Freeciv 2.5.9"
| #define PACKAGE_BUGREPORT "https://www.hostedredmine.com/projects/freeciv"
| #define PACKAGE_URL ""
| /* end confdefs.h.  */
| #include <ac_nonexistent.h>
configure:4311: checking for grep that handles long lines and -e
configure:4369: result: /bin/grep
configure:4374: checking for egrep
configure:4436: result: /bin/grep -E
configure:4441: checking for ANSI C header files
configure:4461: gcc -c -g -O2  conftest.c >&5
configure:4461: $? = 0
configure:4534: gcc -o conftest -g -O2   conftest.c  >&5
configure:4534: $? = 0
configure:4534: ./conftest
configure:4534: $? = 0
configure:4545: result: yes
configure:4558: checking for sys/types.h
configure:4558: gcc -c -g -O2  conftest.c >&5
configure:4558: $? = 0
configure:4558: result: yes
configure:4558: checking for sys/stat.h
configure:4558: gcc -c -g -O2  conftest.c >&5
configure:4558: $? = 0
configure:4558: result: yes
configure:4558: checking for stdlib.h
configure:4558: gcc -c -g -O2  conftest.c >&5
configure:4558: $? = 0
configure:4558: result: yes
configure:4558: checking for string.h
configure:4558: gcc -c -g -O2  conftest.c >&5
configure:4558: $? = 0
configure:4558: result: yes
configure:4558: checking for memory.h
configure:4558: gcc -c -g -O2  conftest.c >&5
configure:4558: $? = 0
configure:4558: result: yes
configure:4558: checking for strings.h
configure:4558: gcc -c -g -O2  conftest.c >&5
configure:4558: $? = 0
configure:4558: result: yes
configure:4558: checking for inttypes.h
configure:4558: gcc -c -g -O2  conftest.c >&5
configure:4558: $? = 0
configure:4558: result: yes
configure:4558: checking for stdint.h
configure:4558: gcc -c -g -O2  conftest.c >&5
configure:4558: $? = 0
configure:4558: result: yes
configure:4558: checking for unistd.h
configure:4558: gcc -c -g -O2  conftest.c >&5
configure:4558: $? = 0
configure:4558: result: yes
configure:4571: checking minix/config.h usability
configure:4571: gcc -c -g -O2  conftest.c >&5
conftest.c:52:26: fatal error: minix/config.h: No such file or directory
compilation terminated.
configure:4571: $? = 1
configure: failed program was:
| /* confdefs.h */
| #define PACKAGE_NAME "Freeciv"
| #define PACKAGE_TARNAME "freeciv"
| #define PACKAGE_VERSION "2.5.9"
| #define PACKAGE_STRING "Freeciv 2.5.9"
| #define PACKAGE_BUGREPORT "https://www.hostedredmine.com/projects/freeciv"
| #define PACKAGE_URL ""
| #define STDC_HEADERS 1
| #define HAVE_SYS_TYPES_H 1
| #define HAVE_SYS_STAT_H 1
| #define HAVE_STDLIB_H 1
| #define HAVE_STRING_H 1
| #define HAVE_MEMORY_H 1
| #define HAVE_STRINGS_H 1
| #define HAVE_INTTYPES_H 1
| #define HAVE_STDINT_H 1
| #define HAVE_UNISTD_H 1
| /* end confdefs.h.  */
| #include <stdio.h>
| #ifdef HAVE_SYS_TYPES_H
| # include <sys/types.h>
| #endif
| #ifdef HAVE_SYS_STAT_H
| # include <sys/stat.h>
| #endif
| #ifdef STDC_HEADERS
| # include <stdlib.h>
| # include <stddef.h>
| #else
| # ifdef HAVE_STDLIB_H
| #  include <stdlib.h>
| # endif
| #endif
| #ifdef HAVE_STRING_H
| # if !defined STDC_HEADERS && defined HAVE_MEMORY_H
| #  include <memory.h>
| # endif
| # include <string.h>
| #endif
| #ifdef HAVE_STRINGS_H
| # include <strings.h>
| #endif
| #ifdef HAVE_INTTYPES_H
| # include <inttypes.h>
| #endif
| #ifdef HAVE_STDINT_H
| # include <stdint.h>
| #endif
| #ifdef HAVE_UNISTD_H
| # include <unistd.h>
| #endif
| #include <minix/config.h>
configure:4571: result: no
configure:4571: checking minix/config.h presence
configure:4571: gcc -E  conftest.c
conftest.c:19:26: fatal error: minix/config.h: No such file or directory
compilation terminated.
configure:4571: $? = 1
configure: failed program was:
| /* confdefs.h */
| #define PACKAGE_NAME "Freeciv"
| #define PACKAGE_TARNAME "freeciv"
| #define PACKAGE_VERSION "2.5.9"
| #define PACKAGE_STRING "Freeciv 2.5.9"
| #define PACKAGE_BUGREPORT "https://www.hostedredmine.com/projects/freeciv"
| #define PACKAGE_URL ""
| #define STDC_HEADERS 1
| #define HAVE_SYS_TYPES_H 1
| #define HAVE_SYS_STAT_H 1
| #define HAVE_STDLIB_H 1
| #define HAVE_STRING_H 1
| #define HAVE_MEMORY_H 1
| #define HAVE_STRINGS_H 1
| #define HAVE_INTTYPES_H 1
| #define HAVE_STDINT_H 1
| #define HAVE_UNISTD_H 1
| /* end confdefs.h.  */
| #include <minix/config.h>
configure:4571: result: no
configure:4571: checking for minix/config.h
configure:4571: result: no
configure:4592: checking whether it is safe to define __EXTENSIONS__
configure:4610: gcc -c -g -O2  conftest.c >&5
configure:4610: $? = 0
configure:4617: result: yes
configure:4631: checking whether byte ordering is bigendian
configure:4646: gcc -c -g -O2  conftest.c >&5
conftest.c:25:9: error: unknown type name 'not'
         not a universal capable compiler
         ^
conftest.c:25:15: error: expected '=', ',', ';', 'asm' or '__attribute__' before 'universal'
         not a universal capable compiler
               ^
conftest.c:25:15: error: unknown type name 'universal'
configure:4646: $? = 1
configure: failed program was:
| /* confdefs.h */
| #define PACKAGE_NAME "Freeciv"
| #define PACKAGE_TARNAME "freeciv"
| #define PACKAGE_VERSION "2.5.9"
| #define PACKAGE_STRING "Freeciv 2.5.9"
| #define PACKAGE_BUGREPORT "https://www.hostedredmine.com/projects/freeciv"
| #define PACKAGE_URL ""
| #define STDC_HEADERS 1
| #define HAVE_SYS_TYPES_H 1
| #define HAVE_SYS_STAT_H 1
| #define HAVE_STDLIB_H 1
| #define HAVE_STRING_H 1
| #define HAVE_MEMORY_H 1
| #define HAVE_STRINGS_H 1
| #define HAVE_INTTYPES_H 1
| #define HAVE_STDINT_H 1
| #define HAVE_UNISTD_H 1
| #define __EXTENSIONS__ 1
| #define _ALL_SOURCE 1
| #define _GNU_SOURCE 1
| #define _POSIX_PTHREAD_SEMANTICS 1
| #define _TANDEM_SOURCE 1
| /* end confdefs.h.  */
| #ifndef __APPLE_CC__
| 	       not a universal capable compiler
| 	     #endif
| 	     typedef int dummy;
| 
configure:4691: gcc -c -g -O2  conftest.c >&5
configure:4691: $? = 0
configure:4709: gcc -c -g -O2  conftest.c >&5
conftest.c: In function 'main':
conftest.c:31:4: error: unknown type name 'not'
    not big endian
    ^
conftest.c:31:12: error: expected '=', ',', ';', 'asm' or '__attribute__' before 'endian'
    not big endian
            ^
configure:4709: $? = 1
configure: failed program was:
| /* confdefs.h */
| #define PACKAGE_NAME "Freeciv"
| #define PACKAGE_TARNAME "freeciv"
| #define PACKAGE_VERSION "2.5.9"
| #define PACKAGE_STRING "Freeciv 2.5.9"
| #define PACKAGE_BUGREPORT "https://www.hostedredmine.com/projects/freeciv"
| #define PACKAGE_URL ""
| #define STDC_HEADERS 1
| #define HAVE_SYS_TYPES_H 1
| #define HAVE_SYS_STAT_H 1
| #define HAVE_STDLIB_H 1
| #define HAVE_STRING_H 1
| #define HAVE_MEMORY_H 1
| #define HAVE_STRINGS_H 1
| #define HAVE_INTTYPES_H 1
| #define HAVE_STDINT_H 1
| #define HAVE_UNISTD_H 1
| #define __EXTENSIONS__ 1
| #define _ALL_SOURCE 1
| #define _GNU_SOURCE 1
| #define _POSIX_PTHREAD_SEMANTICS 1
| #define _TANDEM_SOURCE 1
| /* end confdefs.h.  */
| #include <sys/types.h>
| 		#include <sys/param.h>
| 
| int
| main ()
| {
| #if BYTE_ORDER != BIG_ENDIAN
| 		 not big endian
| 		#endif
| 
|   ;
|   return 0;
| }
configure:4837: result: no
configure:5066: checking for a BSD-compatible install
configure:5134: result: /usr/bin/install -c
configure:5145: checking whether build environment is sane
configure:5200: result: yes
configure:5348: checking for a thread-safe mkdir -p
configure:5387: result: /bin/mkdir -p
configure:5394: checking for gawk
configure:5424: result: no
configure:5394: checking for mawk
configure:5410: found /usr/bin/mawk
configure:5421: result: mawk
configure:5432: checking whether make sets $(MAKE)
configure:5454: result: yes
configure:5484: checking for style of include used by make
configure:5512: result: GNU
configure:5546: checking whether make supports nested variables
configure:5563: result: yes
configure:5648: checking dependency style of gcc
configure:5759: result: gcc3
configure:5829: checking whether make supports nested variables
configure:5846: result: yes
configure:5862: checking for a sed that does not truncate output
configure:5926: result: /bin/sed
configure:6469: checking for sys/types.h
configure:6469: result: yes
configure:6482: checking sys/socket.h usability
configure:6482: gcc -c -g -O2  conftest.c >&5
configure:6482: $? = 0
configure:6482: result: yes
configure:6482: checking sys/socket.h presence
configure:6482: gcc -E  conftest.c
configure:6482: $? = 0
configure:6482: result: yes
configure:6482: checking for sys/socket.h
configure:6482: result: yes
configure:6496: checking for getaddrinfo
configure:6496: gcc -o conftest -g -O2   conftest.c  >&5
configure:6496: $? = 0
configure:6496: result: yes
configure:6522: checking for inet_pton
configure:6522: gcc -o conftest -g -O2   conftest.c  >&5
configure:6522: $? = 0
configure:6522: result: yes
configure:6522: checking for inet_ntop
configure:6522: gcc -o conftest -g -O2   conftest.c  >&5
configure:6522: $? = 0
configure:6522: result: yes
configure:6522: checking for getnameinfo
configure:6522: gcc -o conftest -g -O2   conftest.c  >&5
configure:6522: $? = 0
configure:6522: result: yes
configure:6537: checking for AF_INET6
configure:6556: gcc -c -g -O2  conftest.c >&5
configure:6556: $? = 0
configure:6557: result: yes
configure:6699: checking for pkg-config
configure:6717: found /usr/bin/pkg-config
configure:6729: result: /usr/bin/pkg-config
configure:6754: checking pkg-config is at least version 0.9.0
configure:6757: result: yes
configure:6780: checking for MagickWand-config in default path
configure:6812: result: no
configure:6817: checking for WAND
configure:6824: $PKG_CONFIG --exists --print-errors "MagickWand"
Package MagickWand was not found in the pkg-config search path.
Perhaps you should add the directory containing `MagickWand.pc'
to the PKG_CONFIG_PATH environment variable
No package 'MagickWand' found
configure:6827: $? = 1
configure:6841: $PKG_CONFIG --exists --print-errors "MagickWand"
Package MagickWand was not found in the pkg-config search path.
Perhaps you should add the directory containing `MagickWand.pc'
to the PKG_CONFIG_PATH environment variable
No package 'MagickWand' found
configure:6844: $? = 1
configure:6858: result: no
No package 'MagickWand' found
configure:7139: checking whether can build modules
configure:7152: gcc -o conftest -g -O2   conftest.c  -lltdl >&5
conftest.c:53:18: fatal error: ltdl.h: No such file or directory
compilation terminated.
configure:7152: $? = 1
configure: failed program was:
| /* confdefs.h */
| #define PACKAGE_NAME "Freeciv"
| #define PACKAGE_TARNAME "freeciv"
| #define PACKAGE_VERSION "2.5.9"
| #define PACKAGE_STRING "Freeciv 2.5.9"
| #define PACKAGE_BUGREPORT "https://www.hostedredmine.com/projects/freeciv"
| #define PACKAGE_URL ""
| #define STDC_HEADERS 1
| #define HAVE_SYS_TYPES_H 1
| #define HAVE_SYS_STAT_H 1
| #define HAVE_STDLIB_H 1
| #define HAVE_STRING_H 1
| #define HAVE_MEMORY_H 1
| #define HAVE_STRINGS_H 1
| #define HAVE_INTTYPES_H 1
| #define HAVE_STDINT_H 1
| #define HAVE_UNISTD_H 1
| #define __EXTENSIONS__ 1
| #define _ALL_SOURCE 1
| #define _GNU_SOURCE 1
| #define _POSIX_PTHREAD_SEMANTICS 1
| #define _TANDEM_SOURCE 1
| #define FC_CONFIG_H 1
| #define BUG_URL "https://www.hostedredmine.com/projects/freeciv"
| #define META_URL "http://meta.freeciv.org/metaserver.php"
| #define WIKI_URL "http://www.freeciv.org/"
| #define DEFAULT_SOCK_PORT 5556
| #define MAJOR_VERSION 2
| #define MINOR_VERSION 5
| #define PATCH_VERSION 9
| #define VERSION_LABEL ""
| #define VERSION_STRING "2.5.9"
| #define IS_DEVEL_VERSION 0
| #define IS_FREEZE_VERSION 0
| #define IS_BETA_VERSION 0
| #define NEXT_STABLE_VERSION "2.5.4"
| #define RELEASE_MONTH 3
| #define NETWORK_CAPSTRING_MANDATORY "+Freeciv-2.5-network"
| #define NETWORK_CAPSTRING_OPTIONAL "nationset_change tech_cost split_reports extended_move_rate illness_ranges nonnatdef"
| #define DATASUBDIR "2.5"
| #define FREECIV_DISTRIBUTOR ""
| #define PACKAGE "freeciv"
| #define VERSION "2.5.9"
| #define HAVE_SYS_TYPES_H 1
| #define HAVE_SYS_SOCKET_H 1
| #define HAVE_GETADDRINFO 1
| #define HAVE_INET_PTON 1
| #define HAVE_INET_NTOP 1
| #define HAVE_GETNAMEINFO 1
| #define IPV6_SUPPORT 1
| #define FOLLOWTAG "stable"
| /* end confdefs.h.  */
| #include <ltdl.h>
| int
| main ()
| {
| lt_dlopenext(NULL);
|   ;
|   return 0;
| }
configure:7156: result: no
configure:7158: error: cannot build loadable AI modules as requested

## ---------------- ##
## Cache variables. ##
## ---------------- ##

ac_cv_build=x86_64-pc-linux-gnu
ac_cv_c_bigendian=no
ac_cv_c_compiler_gnu=yes
ac_cv_env_CCC_set=
ac_cv_env_CCC_value=
ac_cv_env_CC_set=
ac_cv_env_CC_value=
ac_cv_env_CFLAGS_set=
ac_cv_env_CFLAGS_value=
ac_cv_env_CPPFLAGS_set=
ac_cv_env_CPPFLAGS_value=
ac_cv_env_CPP_set=
ac_cv_env_CPP_value=
ac_cv_env_CURL_CFLAGS_set=
ac_cv_env_CURL_CFLAGS_value=
ac_cv_env_CURL_LIBS_set=
ac_cv_env_CURL_LIBS_value=
ac_cv_env_CXXCPP_set=
ac_cv_env_CXXCPP_value=
ac_cv_env_CXXFLAGS_set=
ac_cv_env_CXXFLAGS_value=
ac_cv_env_CXX_set=
ac_cv_env_CXX_value=
ac_cv_env_FREECIV_LABEL_FORCE_set=
ac_cv_env_FREECIV_LABEL_FORCE_value=
ac_cv_env_GTHREAD_CFLAGS_set=
ac_cv_env_GTHREAD_CFLAGS_value=
ac_cv_env_GTHREAD_LIBS_set=
ac_cv_env_GTHREAD_LIBS_value=
ac_cv_env_LDFLAGS_set=
ac_cv_env_LDFLAGS_value=
ac_cv_env_LIBS_set=
ac_cv_env_LIBS_value=
ac_cv_env_LT_SYS_LIBRARY_PATH_set=
ac_cv_env_LT_SYS_LIBRARY_PATH_value=
ac_cv_env_LUA_CFLAGS_set=
ac_cv_env_LUA_CFLAGS_value=
ac_cv_env_LUA_LIBS_set=
ac_cv_env_LUA_LIBS_value=
ac_cv_env_MOCCMD_set=
ac_cv_env_MOCCMD_value=
ac_cv_env_PKG_CONFIG_LIBDIR_set=
ac_cv_env_PKG_CONFIG_LIBDIR_value=
ac_cv_env_PKG_CONFIG_PATH_set=
ac_cv_env_PKG_CONFIG_PATH_value=
ac_cv_env_PKG_CONFIG_set=
ac_cv_env_PKG_CONFIG_value=
ac_cv_env_PNG_CFLAGS_set=
ac_cv_env_PNG_CFLAGS_value=
ac_cv_env_PNG_LIBS_set=
ac_cv_env_PNG_LIBS_value=
ac_cv_env_SDL2MIXER_CFLAGS_set=
ac_cv_env_SDL2MIXER_CFLAGS_value=
ac_cv_env_SDL2MIXER_LIBS_set=
ac_cv_env_SDL2MIXER_LIBS_value=
ac_cv_env_SDL2_CFLAGS_set=
ac_cv_env_SDL2_CFLAGS_value=
ac_cv_env_SDL2_LIBS_set=
ac_cv_env_SDL2_LIBS_value=
ac_cv_env_SDLMIXER_CFLAGS_set=
ac_cv_env_SDLMIXER_CFLAGS_value=
ac_cv_env_SDLMIXER_LIBS_set=
ac_cv_env_SDLMIXER_LIBS_value=
ac_cv_env_WAND_CFLAGS_set=
ac_cv_env_WAND_CFLAGS_value=
ac_cv_env_WAND_LIBS_set=
ac_cv_env_WAND_LIBS_value=
ac_cv_env_XMKMF_set=
ac_cv_env_XMKMF_value=
ac_cv_env_build_alias_set=
ac_cv_env_build_alias_value=
ac_cv_env_host_alias_set=
ac_cv_env_host_alias_value=
ac_cv_env_target_alias_set=
ac_cv_env_target_alias_value=
ac_cv_func_getaddrinfo=yes
ac_cv_func_getnameinfo=yes
ac_cv_func_inet_ntop=yes
ac_cv_func_inet_pton=yes
ac_cv_header_inttypes_h=yes
ac_cv_header_memory_h=yes
ac_cv_header_minix_config_h=no
ac_cv_header_stdc=yes
ac_cv_header_stdint_h=yes
ac_cv_header_stdlib_h=yes
ac_cv_header_string_h=yes
ac_cv_header_strings_h=yes
ac_cv_header_sys_socket_h=yes
ac_cv_header_sys_stat_h=yes
ac_cv_header_sys_types_h=yes
ac_cv_header_unistd_h=yes
ac_cv_host=x86_64-pc-linux-gnu
ac_cv_objext=o
ac_cv_path_EGREP='/bin/grep -E'
ac_cv_path_GREP=/bin/grep
ac_cv_path_SED=/bin/sed
ac_cv_path_ac_pt_PKG_CONFIG=/usr/bin/pkg-config
ac_cv_path_install='/usr/bin/install -c'
ac_cv_path_mkdir=/bin/mkdir
ac_cv_prog_AWK=mawk
ac_cv_prog_CPP='gcc -E'
ac_cv_prog_ac_ct_CC=gcc
ac_cv_prog_cc_c89=
ac_cv_prog_cc_g=yes
ac_cv_prog_make_make_set=yes
ac_cv_safe_to_define___extensions__=yes
am_cv_CC_dependencies_compiler_type=gcc3
am_cv_make_support_nested_variables=yes
am_cv_prog_cc_c_o=yes

## ----------------- ##
## Output variables. ##
## ----------------- ##

ACLOCAL='${SHELL} /home/parallels/Documents/freeciv-project/bootstrap/missing aclocal-1.15'
AI_MODULES_FALSE='#'
AI_MODULES_TRUE=''
AI_MOD_DEFAULT_NEEDED_FALSE=''
AI_MOD_DEFAULT_NEEDED_TRUE=''
AI_MOD_STATIC_CLASSIC_FALSE=''
AI_MOD_STATIC_CLASSIC_TRUE=''
AI_MOD_STATIC_RANDOM_FALSE=''
AI_MOD_STATIC_RANDOM_TRUE=''
AI_MOD_STATIC_THREADED_FALSE=''
AI_MOD_STATIC_THREADED_TRUE=''
AMDEPBACKSLASH='\'
AMDEP_FALSE='#'
AMDEP_TRUE=''
AMTAR='$${TAR-tar}'
AM_BACKSLASH='\'
AM_DEFAULT_V='$(AM_DEFAULT_VERBOSITY)'
AM_DEFAULT_VERBOSITY='0'
AM_V='$(V)'
APPDATADIR='$(prefix)/share/appdata'
AR=''
AUDIO_SDL_FALSE=''
AUDIO_SDL_TRUE=''
AUTOCONF='${SHELL} /home/parallels/Documents/freeciv-project/bootstrap/missing autoconf'
AUTOHEADER='${SHELL} /home/parallels/Documents/freeciv-project/bootstrap/missing autoheader'
AUTOMAKE='${SHELL} /home/parallels/Documents/freeciv-project/bootstrap/missing automake-1.15'
AWK='mawk'
BUG_URL='https://www.hostedredmine.com/projects/freeciv'
CATALOGS=''
CATOBJEXT=''
CC='gcc'
CCDEPMODE='depmode=gcc3'
CFLAGS='-g -O2'
CLIENT_FALSE=''
CLIENT_GUI_GTK_2_0_FALSE=''
CLIENT_GUI_GTK_2_0_TRUE=''
CLIENT_GUI_GTK_3_0_FALSE=''
CLIENT_GUI_GTK_3_0_TRUE=''
CLIENT_GUI_QT_FALSE=''
CLIENT_GUI_QT_TRUE=''
CLIENT_GUI_SDL_FALSE=''
CLIENT_GUI_SDL_TRUE=''
CLIENT_GUI_STUB_FALSE=''
CLIENT_GUI_STUB_TRUE=''
CLIENT_GUI_XAW_FALSE=''
CLIENT_GUI_XAW_TRUE=''
CLIENT_LIBS=''
CLIENT_TRUE=''
COMMON_LIBS=''
CONFIGURE_DEPENDENCIES=''
CPP='gcc -E'
CPPFLAGS=''
CURL_CFLAGS=''
CURL_LIBS=''
CXX=''
CXXCPP=''
CXXDEPMODE=''
CXXFLAGS=''
CYGPATH_W='echo'
DATADIRNAME=''
DATASUBDIR='2.5'
DEFS=''
DEPDIR='.deps'
DESKTOPDIR='$(prefix)/share/applications'
DLLTOOL=''
DSYMUTIL=''
DUMPBIN=''
ECHO_C=''
ECHO_N='-n'
ECHO_T=''
EGREP='/bin/grep -E'
EXEEXT=''
EXP_AI_MODULES_FALSE=''
EXP_AI_MODULES_TRUE=''
FCDB_DB_FALSE=''
FCDB_DB_TRUE='#'
FCDB_MYSQL_CFLAGS=''
FCDB_MYSQL_FALSE=''
FCDB_MYSQL_TRUE='#'
FCDB_POSTGRES_CFLAGS=''
FCDB_POSTGRES_FALSE=''
FCDB_POSTGRES_TRUE='#'
FCDB_SQLITE3_CFLAGS=''
FCDB_SQLITE3_FALSE=''
FCDB_SQLITE3_TRUE='#'
FCMANUAL_FALSE=''
FCMANUAL_TRUE=''
FGREP=''
FREECIV_LABEL_FORCE=''
FT2_CFLAGS=''
FT2_CONFIG=''
FT2_LIBS=''
GGZDMOD_INCLUDES=''
GGZDMOD_ldflags=''
GGZMOD_INCLUDES=''
GGZMOD_ldflags=''
GGZ_CLIENT_FALSE=''
GGZ_CLIENT_TRUE=''
GGZ_CONFIG=''
GGZ_GTK_FALSE=''
GGZ_GTK_INCLUDES=''
GGZ_GTK_TRUE=''
GGZ_GTK_ldflags=''
GGZ_SERVER_FALSE=''
GGZ_SERVER_TRUE=''
GITREV_FALSE=''
GITREV_TRUE='#'
GMOFILES=''
GMSGFMT=''
GNULIB_ATOLL=''
GNULIB_CALLOC_POSIX=''
GNULIB_CANONICALIZE_FILE_NAME=''
GNULIB_GETLOADAVG=''
GNULIB_GETSUBOPT=''
GNULIB_GRANTPT=''
GNULIB_MALLOC_POSIX=''
GNULIB_MBTOWC=''
GNULIB_MKDTEMP=''
GNULIB_MKOSTEMP=''
GNULIB_MKOSTEMPS=''
GNULIB_MKSTEMP=''
GNULIB_MKSTEMPS=''
GNULIB_POSIX_OPENPT=''
GNULIB_PTSNAME=''
GNULIB_PTSNAME_R=''
GNULIB_PUTENV=''
GNULIB_RANDOM_R=''
GNULIB_REALLOC_POSIX=''
GNULIB_REALPATH=''
GNULIB_RPMATCH=''
GNULIB_SETENV=''
GNULIB_STRTOD=''
GNULIB_STRTOLL=''
GNULIB_STRTOULL=''
GNULIB_SYSTEM_POSIX=''
GNULIB_UNLOCKPT=''
GNULIB_UNSETENV=''
GNULIB_WCTOMB=''
GNULIB__EXIT=''
GREP='/bin/grep'
GTHREAD_CFLAGS=''
GTHREAD_LIBS=''
GTK2_CFLAGS=''
GTK2_LIBS=''
GTK3_CFLAGS=''
GTK3_LIBS=''
GZIP=''
HAVE_ATOLL=''
HAVE_CANONICALIZE_FILE_NAME=''
HAVE_DECL_GETLOADAVG=''
HAVE_DECL_SETENV=''
HAVE_DECL_UNSETENV=''
HAVE_GETSUBOPT=''
HAVE_GRANTPT=''
HAVE_MKDTEMP=''
HAVE_MKOSTEMP=''
HAVE_MKOSTEMPS=''
HAVE_MKSTEMP=''
HAVE_MKSTEMPS=''
HAVE_POSIX_OPENPT=''
HAVE_PTSNAME=''
HAVE_PTSNAME_R=''
HAVE_RANDOM_H=''
HAVE_RANDOM_R=''
HAVE_REALPATH=''
HAVE_RPMATCH=''
HAVE_SETENV=''
HAVE_STRTOD=''
HAVE_STRTOLL=''
HAVE_STRTOULL=''
HAVE_STRUCT_RANDOM_DATA=''
HAVE_SYS_LOADAVG_H=''
HAVE_UNLOCKPT=''
HAVE__EXIT=''
HOST_PATH_SEPARATOR=''
INSTALL_DATA='${INSTALL} -m 644'
INSTALL_PROGRAM='${INSTALL}'
INSTALL_SCRIPT='${INSTALL}'
INSTALL_STRIP_PROGRAM='$(install_sh) -c -s'
INSTOBJEXT=''
INTLLIBS=''
LD=''
LDFLAGS=''
LIBGGZ_INCLUDES=''
LIBGGZ_ldflags=''
LIBICONV=''
LIBOBJS=''
LIBS=' -lltdl'
LIBTOOL=''
LIB_GGZ=''
LIB_GGZDMOD=''
LIB_GGZMOD=''
LIB_GGZ_GTK=''
LIPO=''
LN_S=''
LTLIBICONV=''
LTLIBOBJS=''
LT_SYS_LIBRARY_PATH=''
LUASQL_AS_DEPENDENCY=''
LUASQL_CFLAGS=''
LUASQL_LIBS=''
LUA_CFLAGS=''
LUA_LIBS=''
MAIL_ADDRESS='freeciv-dev AT freelists.org'
MAJOR_VERSION='2'
MAKEINFO='${SHELL} /home/parallels/Documents/freeciv-project/bootstrap/missing makeinfo'
MAKE_CLIENT_INCLUDE_FALSE=''
MAKE_CLIENT_INCLUDE_TRUE='#'
MAKE_DATA_FALSE='#'
MAKE_DATA_TRUE=''
MANIFEST_TOOL=''
MAPIMG_WAND_CFLAGS=''
MAPIMG_WAND_LIBS=''
MINGW32_FALSE=''
MINGW32_TRUE=''
MINOR_VERSION='5'
MKDIR_P='/bin/mkdir -p'
MKINSTALLDIRS=''
MOCCMD=''
MODINST_CLI_FALSE=''
MODINST_CLI_TRUE=''
MODINST_FALSE=''
MODINST_GTK2_FALSE=''
MODINST_GTK2_TRUE=''
MODINST_GTK3_FALSE=''
MODINST_GTK3_TRUE=''
MODINST_QT_FALSE=''
MODINST_QT_TRUE=''
MODINST_TRUE=''
MSGFMT=''
MSGFMT_OPTS=''
MYSQL_CONFIG=''
MYSQL_VERSION=''
NETWORK_CAPSTRING_MANDATORY='+Freeciv-2.5-network'
NETWORK_CAPSTRING_OPTIONAL='nationset_change tech_cost split_reports extended_move_rate illness_ranges nonnatdef'
NM=''
NMEDIT=''
OBJDUMP=''
OBJEXT='o'
OTOOL64=''
OTOOL=''
PACKAGE='freeciv'
PACKAGE_BUGREPORT='https://www.hostedredmine.com/projects/freeciv'
PACKAGE_NAME='Freeciv'
PACKAGE_STRING='Freeciv 2.5.9'
PACKAGE_TARNAME='freeciv'
PACKAGE_URL=''
PACKAGE_VERSION='2.5.9'
PATH_SEPARATOR=':'
PG_CONFIG=''
PKG_CONFIG='/usr/bin/pkg-config'
PKG_CONFIG_LIBDIR=''
PKG_CONFIG_PATH=''
PNG_CFLAGS=''
PNG_LIBS=''
POFILES=''
POSTGRESQL_VERSION=''
POSUB=''
PO_IN_DATADIR_FALSE=''
PO_IN_DATADIR_TRUE=''
QTPATHS=''
RANLIB=''
REPLACE_CALLOC=''
REPLACE_CANONICALIZE_FILE_NAME=''
REPLACE_MALLOC=''
REPLACE_MBTOWC=''
REPLACE_MKSTEMP=''
REPLACE_PTSNAME_R=''
REPLACE_PUTENV=''
REPLACE_REALLOC=''
REPLACE_REALPATH=''
REPLACE_SETENV=''
REPLACE_STRTOD=''
REPLACE_UNSETENV=''
REPLACE_WCTOMB=''
SDL2MIXER_CFLAGS=''
SDL2MIXER_LIBS=''
SDL2_CFLAGS=''
SDL2_CONFIG=''
SDL2_LIBS=''
SDLMIXER_CFLAGS=''
SDLMIXER_LIBS=''
SDL_CFLAGS=''
SDL_CONFIG=''
SDL_LIBS=''
SED='/bin/sed'
SERVER_FALSE='#'
SERVER_LIBS=''
SERVER_TRUE=''
SET_MAKE=''
SHELL='/bin/bash'
SOUND_CFLAGS=''
SOUND_LIBS=''
SQLITE3_VERSION=''
SRV_LIB_LIBS=''
STRIP=''
SYS_LUA_FALSE=''
SYS_LUA_TRUE=''
TOLUA=''
TOLUA_CFLAGS=''
TOLUA_LIBS=''
UNAME=''
USE_NLS=''
UTILITY_CFLAGS=''
UTILITY_LIBS=''
VERSION='2.5.9'
VERSION_LABEL=''
VERSION_WITHOUT_LABEL='2.5.9'
WAND_CFLAGS=''
WAND_LIBS=''
WIKI_URL='http://www.freeciv.org/'
WINDRES=''
XGETTEXT=''
XMKMF=''
X_CFLAGS=''
X_EXTRA_LIBS=''
X_LIBS=''
X_PRE_LIBS=''
ac_ct_AR=''
ac_ct_CC='gcc'
ac_ct_CXX=''
ac_ct_DUMPBIN=''
aimoduledir='${exec_prefix}/lib/fcai'
am__EXEEXT_FALSE=''
am__EXEEXT_TRUE=''
am__fastdepCC_FALSE='#'
am__fastdepCC_TRUE=''
am__fastdepCXX_FALSE=''
am__fastdepCXX_TRUE=''
am__include='include'
am__isrc=''
am__leading_dot='.'
am__nodep='_no'
am__quote=''
am__tar='$${TAR-tar} chof - "$$tardir"'
am__untar='$${TAR-tar} xf -'
bindir='${exec_prefix}/bin'
build='x86_64-pc-linux-gnu'
build_alias=''
build_cpu='x86_64'
build_os='linux-gnu'
build_vendor='pc'
datadir='${datarootdir}'
datarootdir='${prefix}/share'
docdir='${datarootdir}/doc/${PACKAGE_TARNAME}'
dvidir='${docdir}'
exec_prefix='NONE'
ggz_config=''
ggz_gtk_includes=''
ggz_gtk_libraries=''
ggzdatadir=''
ggzdconfdir=''
ggzddatadir=''
ggzdexecmoddir=''
ggzdexecmodpath=''
ggzdmod_includes=''
ggzdmod_libraries=''
ggzexecmoddir=''
ggzmod_includes=''
ggzmod_libraries=''
ggzmoduleconfdir=''
gui_gtk2_cflags=''
gui_gtk2_ldflags=''
gui_gtk2_libs=''
gui_gtk3_cflags=''
gui_gtk3_ldflags=''
gui_gtk3_libs=''
gui_qt_cflags=''
gui_qt_cppflags=''
gui_qt_cxxflags=''
gui_qt_ldflags=''
gui_qt_libs=''
gui_sdl_cflags=''
gui_sdl_ldflags=''
gui_sdl_libs=''
gui_stub_cflags=''
gui_stub_ldflags=''
gui_stub_libs=''
gui_xaw_cflags=''
gui_xaw_ldflags=''
gui_xaw_libs=''
host='x86_64-pc-linux-gnu'
host_alias=''
host_cpu='x86_64'
host_os='linux-gnu'
host_vendor='pc'
htmldir='${docdir}'
includedir='${prefix}/include'
infodir='${datarootdir}/info'
install_sh='${SHELL} /home/parallels/Documents/freeciv-project/bootstrap/install-sh'
libdir='${exec_prefix}/lib'
libexecdir='${exec_prefix}/libexec'
libggz_includes=''
libggz_libraries=''
localedir='${datarootdir}/locale'
localstatedir='${prefix}/var'
mandir='${datarootdir}/man'
mkdir_p='$(MKDIR_P)'
mp_cli_cflags=''
mp_cli_ldflags=''
mp_cli_libs=''
mp_gtk2_cflags=''
mp_gtk2_ldflags=''
mp_gtk2_libs=''
mp_gtk3_cflags=''
mp_gtk3_ldflags=''
mp_gtk3_libs=''
mp_qt_cppflags=''
mp_qt_cxxflags=''
mp_qt_libs=''
mysql_cflags=''
mysql_ldflags=''
oldincludedir='/usr/include'
packagesrcdir=''
pdfdir='${docdir}'
postgresql_cflags=''
postgresql_ldflags=''
prefix='NONE'
program_transform_name='s,x,x,'
psdir='${docdir}'
runstatedir='${localstatedir}/run'
sbindir='${exec_prefix}/sbin'
sharedstatedir='${prefix}/com'
sqlite3_cflags=''
sqlite3_ldflags=''
sysconfdir='${prefix}/etc'
target_alias=''

## ----------- ##
## confdefs.h. ##
## ----------- ##

/* confdefs.h */
#define PACKAGE_NAME "Freeciv"
#define PACKAGE_TARNAME "freeciv"
#define PACKAGE_VERSION "2.5.9"
#define PACKAGE_STRING "Freeciv 2.5.9"
#define PACKAGE_BUGREPORT "https://www.hostedredmine.com/projects/freeciv"
#define PACKAGE_URL ""
#define STDC_HEADERS 1
#define HAVE_SYS_TYPES_H 1
#define HAVE_SYS_STAT_H 1
#define HAVE_STDLIB_H 1
#define HAVE_STRING_H 1
#define HAVE_MEMORY_H 1
#define HAVE_STRINGS_H 1
#define HAVE_INTTYPES_H 1
#define HAVE_STDINT_H 1
#define HAVE_UNISTD_H 1
#define __EXTENSIONS__ 1
#define _ALL_SOURCE 1
#define _GNU_SOURCE 1
#define _POSIX_PTHREAD_SEMANTICS 1
#define _TANDEM_SOURCE 1
#define FC_CONFIG_H 1
#define BUG_URL "https://www.hostedredmine.com/projects/freeciv"
#define META_URL "http://meta.freeciv.org/metaserver.php"
#define WIKI_URL "http://www.freeciv.org/"
#define DEFAULT_SOCK_PORT 5556
#define MAJOR_VERSION 2
#define MINOR_VERSION 5
#define PATCH_VERSION 9
#define VERSION_LABEL ""
#define VERSION_STRING "2.5.9"
#define IS_DEVEL_VERSION 0
#define IS_FREEZE_VERSION 0
#define IS_BETA_VERSION 0
#define NEXT_STABLE_VERSION "2.5.4"
#define RELEASE_MONTH 3
#define NETWORK_CAPSTRING_MANDATORY "+Freeciv-2.5-network"
#define NETWORK_CAPSTRING_OPTIONAL "nationset_change tech_cost split_reports extended_move_rate illness_ranges nonnatdef"
#define DATASUBDIR "2.5"
#define FREECIV_DISTRIBUTOR ""
#define PACKAGE "freeciv"
#define VERSION "2.5.9"
#define HAVE_SYS_TYPES_H 1
#define HAVE_SYS_SOCKET_H 1
#define HAVE_GETADDRINFO 1
#define HAVE_INET_PTON 1
#define HAVE_INET_NTOP 1
#define HAVE_GETNAMEINFO 1
#define IPV6_SUPPORT 1
#define FOLLOWTAG "stable"

configure: exit 1
