#FREECIV SCORELOG2 2.5.9

# For a specification of the format of this see doc/README.scorelog or 
# <https://raw.githubusercontent.com/freeciv/freeciv/master/doc/README.scorelog>.

id RqTH-Pbe0KekTrpLGuNlTB44K7etiaOi
tag 0 pop
tag 1 bnp
tag 2 mfg
tag 3 cities
tag 4 techs
tag 5 munits
tag 6 settlers
tag 7 wonders
tag 8 techout
tag 9 landarea
tag 10 settledarea
tag 11 pollution
tag 12 literacy
tag 13 spaceship
tag 14 gold
tag 15 taxrate
tag 16 scirate
tag 17 luxrate
tag 18 riots
tag 19 happypop
tag 20 contentpop
tag 21 unhappypop
tag 22 specialists
tag 23 gov
tag 24 corruption
tag 25 score
tag 26 unitsbuilt
tag 27 unitskilled
tag 28 unitslost
turn 0 -4000 4000 BCE
addplayer 0 0 Chulalongkorn
addplayer 0 1 Kan Ek'
data 0 0 0 0
data 0 0 1 0
data 0 1 0 0
data 0 1 1 0
data 0 2 0 0
data 0 2 1 0
data 0 3 0 0
data 0 3 1 0
data 0 4 0 0
data 0 4 1 0
data 0 5 0 0
data 0 5 1 0
data 0 6 0 2
data 0 6 1 2
data 0 7 0 0
data 0 7 1 0
data 0 8 0 0
data 0 8 1 0
data 0 9 0 0
data 0 9 1 0
data 0 10 0 0
data 0 10 1 0
data 0 11 0 0
data 0 11 1 0
data 0 12 0 0
data 0 12 1 0
data 0 13 0 0
data 0 13 1 0
data 0 14 0 50
data 0 14 1 50
data 0 15 0 0
data 0 15 1 0
data 0 16 0 100
data 0 16 1 100
data 0 17 0 0
data 0 17 1 0
data 0 18 0 0
data 0 18 1 0
data 0 19 0 0
data 0 19 1 0
data 0 20 0 0
data 0 20 1 0
data 0 21 0 0
data 0 21 1 0
data 0 22 0 0
data 0 22 1 0
data 0 23 0 1
data 0 23 1 1
data 0 24 0 0
data 0 24 1 0
data 0 25 0 0
data 0 25 1 0
data 0 26 0 0
data 0 26 1 0
data 0 27 0 0
data 0 27 1 0
data 0 28 0 0
data 0 28 1 0
turn 1 -3950 3950 BCE
data 1 0 0 0
data 1 0 1 1
data 1 1 0 0
data 1 1 1 0
data 1 2 0 0
data 1 2 1 3
data 1 3 0 0
data 1 3 1 1
data 1 4 0 0
data 1 4 1 0
data 1 5 0 0
data 1 5 1 0
data 1 6 0 2
data 1 6 1 1
data 1 7 0 0
data 1 7 1 0
data 1 8 0 0
data 1 8 1 0
data 1 9 0 0
data 1 9 1 25000
data 1 10 0 0
data 1 10 1 4000
data 1 11 0 0
data 1 11 1 0
data 1 12 0 0
data 1 12 1 0
data 1 13 0 0
data 1 13 1 0
data 1 14 0 75
data 1 14 1 50
data 1 15 0 40
data 1 15 1 40
data 1 16 0 60
data 1 16 1 60
data 1 17 0 0
data 1 17 1 0
data 1 18 0 0
data 1 18 1 0
data 1 19 0 0
data 1 19 1 0
data 1 20 0 0
data 1 20 1 1
data 1 21 0 0
data 1 21 1 0
data 1 22 0 0
data 1 22 1 0
data 1 23 0 1
data 1 23 1 1
data 1 24 0 0
data 1 24 1 0
data 1 25 0 0
data 1 25 1 1
data 1 26 0 0
data 1 26 1 0
data 1 27 0 0
data 1 27 1 0
data 1 28 0 0
data 1 28 1 0
turn 2 -3900 3900 BCE
data 2 0 0 0
data 2 0 1 1
data 2 1 0 0
data 2 1 1 0
data 2 2 0 0
data 2 2 1 3
data 2 3 0 0
data 2 3 1 1
data 2 4 0 0
data 2 4 1 0
data 2 5 0 0
data 2 5 1 0
data 2 6 0 2
data 2 6 1 1
data 2 7 0 0
data 2 7 1 0
data 2 8 0 0
data 2 8 1 0
data 2 9 0 0
data 2 9 1 31000
data 2 10 0 0
data 2 10 1 5000
data 2 11 0 0
data 2 11 1 0
data 2 12 0 0
data 2 12 1 0
data 2 13 0 0
data 2 13 1 0
data 2 14 0 75
data 2 14 1 50
data 2 15 0 40
data 2 15 1 40
data 2 16 0 60
data 2 16 1 60
data 2 17 0 0
data 2 17 1 0
data 2 18 0 0
data 2 18 1 0
data 2 19 0 0
data 2 19 1 0
data 2 20 0 0
data 2 20 1 1
data 2 21 0 0
data 2 21 1 0
data 2 22 0 0
data 2 22 1 0
data 2 23 0 1
data 2 23 1 1
data 2 24 0 0
data 2 24 1 0
data 2 25 0 0
data 2 25 1 1
data 2 26 0 0
data 2 26 1 0
data 2 27 0 0
data 2 27 1 0
data 2 28 0 0
data 2 28 1 0
turn 3 -3850 3850 BCE
data 3 0 0 0
data 3 0 1 1
data 3 1 0 0
data 3 1 1 0
data 3 2 0 0
data 3 2 1 3
data 3 3 0 0
data 3 3 1 1
data 3 4 0 0
data 3 4 1 0
data 3 5 0 0
data 3 5 1 0
data 3 6 0 2
data 3 6 1 1
data 3 7 0 0
data 3 7 1 0
data 3 8 0 0
data 3 8 1 0
data 3 9 0 0
data 3 9 1 35000
data 3 10 0 0
data 3 10 1 5000
data 3 11 0 0
data 3 11 1 0
data 3 12 0 0
data 3 12 1 0
data 3 13 0 0
data 3 13 1 0
data 3 14 0 75
data 3 14 1 50
data 3 15 0 40
data 3 15 1 40
data 3 16 0 60
data 3 16 1 60
data 3 17 0 0
data 3 17 1 0
data 3 18 0 0
data 3 18 1 0
data 3 19 0 0
data 3 19 1 0
data 3 20 0 0
data 3 20 1 1
data 3 21 0 0
data 3 21 1 0
data 3 22 0 0
data 3 22 1 0
data 3 23 0 1
data 3 23 1 1
data 3 24 0 0
data 3 24 1 0
data 3 25 0 0
data 3 25 1 1
data 3 26 0 0
data 3 26 1 0
data 3 27 0 0
data 3 27 1 0
data 3 28 0 0
data 3 28 1 0
turn 4 -3800 3800 BCE
data 4 0 0 0
data 4 0 1 1
data 4 1 0 0
data 4 1 1 0
data 4 2 0 0
data 4 2 1 3
data 4 3 0 0
data 4 3 1 1
data 4 4 0 0
data 4 4 1 0
data 4 5 0 0
data 4 5 1 0
data 4 6 0 2
data 4 6 1 1
data 4 7 0 0
data 4 7 1 0
data 4 8 0 0
data 4 8 1 0
data 4 9 0 0
data 4 9 1 37000
data 4 10 0 0
data 4 10 1 5000
data 4 11 0 0
data 4 11 1 0
data 4 12 0 0
data 4 12 1 0
data 4 13 0 0
data 4 13 1 0
data 4 14 0 75
data 4 14 1 50
data 4 15 0 40
data 4 15 1 40
data 4 16 0 60
data 4 16 1 60
data 4 17 0 0
data 4 17 1 0
data 4 18 0 0
data 4 18 1 0
data 4 19 0 0
data 4 19 1 0
data 4 20 0 0
data 4 20 1 1
data 4 21 0 0
data 4 21 1 0
data 4 22 0 0
data 4 22 1 0
data 4 23 0 1
data 4 23 1 1
data 4 24 0 0
data 4 24 1 0
data 4 25 0 0
data 4 25 1 1
data 4 26 0 0
data 4 26 1 0
data 4 27 0 0
data 4 27 1 0
data 4 28 0 0
data 4 28 1 0
turn 5 -3750 3750 BCE
data 5 0 0 0
data 5 0 1 1
data 5 1 0 0
data 5 1 1 0
data 5 2 0 0
data 5 2 1 3
data 5 3 0 0
data 5 3 1 1
data 5 4 0 0
data 5 4 1 0
data 5 5 0 0
data 5 5 1 0
data 5 6 0 2
data 5 6 1 1
data 5 7 0 0
data 5 7 1 0
data 5 8 0 0
data 5 8 1 0
data 5 9 0 0
data 5 9 1 37000
data 5 10 0 0
data 5 10 1 4000
data 5 11 0 0
data 5 11 1 0
data 5 12 0 0
data 5 12 1 0
data 5 13 0 0
data 5 13 1 0
data 5 14 0 75
data 5 14 1 50
data 5 15 0 40
data 5 15 1 40
data 5 16 0 60
data 5 16 1 60
data 5 17 0 0
data 5 17 1 0
data 5 18 0 0
data 5 18 1 0
data 5 19 0 0
data 5 19 1 0
data 5 20 0 0
data 5 20 1 1
data 5 21 0 0
data 5 21 1 0
data 5 22 0 0
data 5 22 1 0
data 5 23 0 1
data 5 23 1 1
data 5 24 0 0
data 5 24 1 0
data 5 25 0 0
data 5 25 1 1
data 5 26 0 0
data 5 26 1 0
data 5 27 0 0
data 5 27 1 0
data 5 28 0 0
data 5 28 1 0
turn 6 -3700 3700 BCE
data 6 0 0 0
data 6 0 1 1
data 6 1 0 0
data 6 1 1 0
data 6 2 0 0
data 6 2 1 3
data 6 3 0 0
data 6 3 1 1
data 6 4 0 0
data 6 4 1 0
data 6 5 0 0
data 6 5 1 0
data 6 6 0 2
data 6 6 1 1
data 6 7 0 0
data 6 7 1 0
data 6 8 0 0
data 6 8 1 0
data 6 9 0 0
data 6 9 1 39000
data 6 10 0 0
data 6 10 1 2000
data 6 11 0 0
data 6 11 1 0
data 6 12 0 0
data 6 12 1 0
data 6 13 0 0
data 6 13 1 0
data 6 14 0 75
data 6 14 1 50
data 6 15 0 40
data 6 15 1 40
data 6 16 0 60
data 6 16 1 60
data 6 17 0 0
data 6 17 1 0
data 6 18 0 0
data 6 18 1 0
data 6 19 0 0
data 6 19 1 0
data 6 20 0 0
data 6 20 1 1
data 6 21 0 0
data 6 21 1 0
data 6 22 0 0
data 6 22 1 0
data 6 23 0 1
data 6 23 1 1
data 6 24 0 0
data 6 24 1 0
data 6 25 0 0
data 6 25 1 1
data 6 26 0 0
data 6 26 1 0
data 6 27 0 0
data 6 27 1 0
data 6 28 0 0
data 6 28 1 0
turn 7 -3650 3650 BCE
data 7 0 0 0
data 7 0 1 1
data 7 1 0 0
data 7 1 1 0
data 7 2 0 0
data 7 2 1 3
data 7 3 0 0
data 7 3 1 1
data 7 4 0 0
data 7 4 1 0
data 7 5 0 0
data 7 5 1 0
data 7 6 0 2
data 7 6 1 1
data 7 7 0 0
data 7 7 1 0
data 7 8 0 0
data 7 8 1 0
data 7 9 0 0
data 7 9 1 39000
data 7 10 0 0
data 7 10 1 3000
data 7 11 0 0
data 7 11 1 0
data 7 12 0 0
data 7 12 1 0
data 7 13 0 0
data 7 13 1 0
data 7 14 0 75
data 7 14 1 50
data 7 15 0 40
data 7 15 1 40
data 7 16 0 60
data 7 16 1 60
data 7 17 0 0
data 7 17 1 0
data 7 18 0 0
data 7 18 1 0
data 7 19 0 0
data 7 19 1 0
data 7 20 0 0
data 7 20 1 1
data 7 21 0 0
data 7 21 1 0
data 7 22 0 0
data 7 22 1 0
data 7 23 0 1
data 7 23 1 1
data 7 24 0 0
data 7 24 1 0
data 7 25 0 0
data 7 25 1 1
data 7 26 0 0
data 7 26 1 0
data 7 27 0 0
data 7 27 1 0
data 7 28 0 0
data 7 28 1 0
turn 8 -3600 3600 BCE
data 8 0 0 0
data 8 0 1 1
data 8 1 0 0
data 8 1 1 0
data 8 2 0 0
data 8 2 1 3
data 8 3 0 0
data 8 3 1 1
data 8 4 0 0
data 8 4 1 0
data 8 5 0 0
data 8 5 1 0
data 8 6 0 2
data 8 6 1 1
data 8 7 0 0
data 8 7 1 0
data 8 8 0 0
data 8 8 1 0
data 8 9 0 0
data 8 9 1 40000
data 8 10 0 0
data 8 10 1 3000
data 8 11 0 0
data 8 11 1 0
data 8 12 0 0
data 8 12 1 0
data 8 13 0 0
data 8 13 1 0
data 8 14 0 75
data 8 14 1 50
data 8 15 0 40
data 8 15 1 40
data 8 16 0 60
data 8 16 1 60
data 8 17 0 0
data 8 17 1 0
data 8 18 0 0
data 8 18 1 0
data 8 19 0 0
data 8 19 1 0
data 8 20 0 0
data 8 20 1 1
data 8 21 0 0
data 8 21 1 0
data 8 22 0 0
data 8 22 1 0
data 8 23 0 1
data 8 23 1 1
data 8 24 0 0
data 8 24 1 0
data 8 25 0 0
data 8 25 1 1
data 8 26 0 0
data 8 26 1 0
data 8 27 0 0
data 8 27 1 0
data 8 28 0 0
data 8 28 1 0
turn 9 -3550 3550 BCE
data 9 0 0 0
data 9 0 1 1
data 9 1 0 0
data 9 1 1 0
data 9 2 0 0
data 9 2 1 3
data 9 3 0 0
data 9 3 1 1
data 9 4 0 0
data 9 4 1 0
data 9 5 0 0
data 9 5 1 0
data 9 6 0 2
data 9 6 1 1
data 9 7 0 0
data 9 7 1 0
data 9 8 0 0
data 9 8 1 0
data 9 9 0 0
data 9 9 1 41000
data 9 10 0 0
data 9 10 1 2000
data 9 11 0 0
data 9 11 1 0
data 9 12 0 0
data 9 12 1 0
data 9 13 0 0
data 9 13 1 0
data 9 14 0 75
data 9 14 1 50
data 9 15 0 40
data 9 15 1 40
data 9 16 0 60
data 9 16 1 60
data 9 17 0 0
data 9 17 1 0
data 9 18 0 0
data 9 18 1 0
data 9 19 0 0
data 9 19 1 0
data 9 20 0 0
data 9 20 1 1
data 9 21 0 0
data 9 21 1 0
data 9 22 0 0
data 9 22 1 0
data 9 23 0 1
data 9 23 1 1
data 9 24 0 0
data 9 24 1 0
data 9 25 0 0
data 9 25 1 1
data 9 26 0 0
data 9 26 1 0
data 9 27 0 0
data 9 27 1 0
data 9 28 0 0
data 9 28 1 0
turn 10 -3500 3500 BCE
data 10 0 0 0
data 10 0 1 1
data 10 1 0 0
data 10 1 1 0
data 10 2 0 0
data 10 2 1 3
data 10 3 0 0
data 10 3 1 1
data 10 4 0 0
data 10 4 1 0
data 10 5 0 0
data 10 5 1 0
data 10 6 0 2
data 10 6 1 1
data 10 7 0 0
data 10 7 1 0
data 10 8 0 0
data 10 8 1 0
data 10 9 0 0
data 10 9 1 42000
data 10 10 0 0
data 10 10 1 3000
data 10 11 0 0
data 10 11 1 0
data 10 12 0 0
data 10 12 1 0
data 10 13 0 0
data 10 13 1 0
data 10 14 0 75
data 10 14 1 50
data 10 15 0 40
data 10 15 1 40
data 10 16 0 60
data 10 16 1 60
data 10 17 0 0
data 10 17 1 0
data 10 18 0 0
data 10 18 1 0
data 10 19 0 0
data 10 19 1 0
data 10 20 0 0
data 10 20 1 1
data 10 21 0 0
data 10 21 1 0
data 10 22 0 0
data 10 22 1 0
data 10 23 0 1
data 10 23 1 1
data 10 24 0 0
data 10 24 1 0
data 10 25 0 0
data 10 25 1 1
data 10 26 0 0
data 10 26 1 0
data 10 27 0 0
data 10 27 1 0
data 10 28 0 0
data 10 28 1 0
turn 11 -3450 3450 BCE
data 11 0 0 0
data 11 0 1 1
data 11 1 0 0
data 11 1 1 0
data 11 2 0 0
data 11 2 1 3
data 11 3 0 0
data 11 3 1 1
data 11 4 0 0
data 11 4 1 0
data 11 5 0 0
data 11 5 1 0
data 11 6 0 2
data 11 6 1 1
data 11 7 0 0
data 11 7 1 0
data 11 8 0 0
data 11 8 1 0
data 11 9 0 0
data 11 9 1 43000
data 11 10 0 0
data 11 10 1 3000
data 11 11 0 0
data 11 11 1 0
data 11 12 0 0
data 11 12 1 0
data 11 13 0 0
data 11 13 1 0
data 11 14 0 75
data 11 14 1 50
data 11 15 0 40
data 11 15 1 40
data 11 16 0 60
data 11 16 1 60
data 11 17 0 0
data 11 17 1 0
data 11 18 0 0
data 11 18 1 0
data 11 19 0 0
data 11 19 1 0
data 11 20 0 0
data 11 20 1 1
data 11 21 0 0
data 11 21 1 0
data 11 22 0 0
data 11 22 1 0
data 11 23 0 1
data 11 23 1 1
data 11 24 0 0
data 11 24 1 0
data 11 25 0 0
data 11 25 1 1
data 11 26 0 0
data 11 26 1 0
data 11 27 0 0
data 11 27 1 0
data 11 28 0 0
data 11 28 1 0
